[2022-12-15T20:11:01.292144+00:00] myLogger.INFO: Anmeldeseite wird gezeigt [] []
[2022-12-15T20:11:34.007046+00:00] myLogger.INFO: Angemeldet als Array [] []
[2022-12-15T20:12:47.664445+00:00] myLogger.INFO: Abgemeldet vom Profil admin@emensa.example [] []
[2022-12-15T20:13:21.343595+00:00] myLogger.INFO: Anmeldeseite wird gezeigt [] []
[2022-12-15T20:13:33.711897+00:00] myLogger.INFO: Angemeldet als Nodir [] []
[2022-12-15T20:14:02.596656+00:00] myLogger.INFO: Abgemeldet vom Profil admin@emensa.example [] []
[2022-12-15T20:14:11.687725+00:00] myLogger.INFO: Anmeldeseite wird gezeigt [] []
[2022-12-15T20:18:18.272686+00:00] myLogger.INFO: Abgemeldet vom Profil admin@emensa.example [] []
[2022-12-15T20:18:20.909306+00:00] myLogger.INFO: Anmeldeseite wird gezeigt [] []
[2022-12-15T20:18:33.380663+00:00] myLogger.WARNING: Anmeldung fuer den Profil admin@emensa.example fehlgeschlagen [] []
[2022-12-15T20:19:04.040652+00:00] myLogger.WARNING: Anmeldung fuer den Profil dani@email.com fehlgeschlagen [] []
[2022-12-15T20:19:37.673632+00:00] myLogger.WARNING: Anmeldung fuer den Profil admin@emensa.example fehlgeschlagen [] []
[2022-12-15T20:20:08.143630+00:00] myLogger.WARNING: Anmeldung fuer den Profil masd@mail.com fehlgeschlagen [] []
[2022-12-15T20:21:23.890029+00:00] myLogger.INFO: Abgemeldet vom Profil masd@mail.com [] []
[2022-12-15T20:22:46.163192+00:00] myLogger.INFO: Anmeldeseite wird gezeigt [] []
[2022-12-15T20:22:58.419332+00:00] myLogger.WARNING: Anmeldung fuer den Profil djf@mail.com fehlgeschlagen [] []
[2022-12-15T20:23:09.990990+00:00] myLogger.INFO: Abgemeldet vom Profil djf@mail.com [] []
[2022-12-15T20:27:32.693174+00:00] myLogger.INFO: Anmeldeseite wird gezeigt [] []
[2022-12-15T20:27:43.270267+00:00] myLogger.INFO: Angemeldet als Nodir [] []
[2022-12-15T20:27:47.116150+00:00] myLogger.INFO: Abgemeldet vom Profil admin@emensa.example [] []
[2022-12-15T20:30:56.470921+00:00] myLogger.INFO: Anmeldeseite wird gezeigt [] []
[2022-12-15T20:30:59.089524+00:00] myLogger.INFO: Angemeldet als Nodir [] []
[2022-12-15T20:31:00.656915+00:00] myLogger.INFO: Abgemeldet vom Profil  [] []
[2022-12-15T20:38:36.793696+00:00] myLogger.INFO: Anmeldeseite wird gezeigt [] []
[2022-12-15T20:38:44.840463+00:00] myLogger.WARNING: Anmeldung fuer den Profil admin@emensa.example fehlgeschlagen [] []
[2022-12-15T20:38:55.971188+00:00] myLogger.INFO: Angemeldet als Nodir [] []
[2022-12-15T20:39:01.575208+00:00] myLogger.INFO: Abgemeldet vom Profil admin@emensa.example [] []
[2022-12-15T20:39:07.079291+00:00] myLogger.INFO: Anmeldeseite wird gezeigt [] []
[2022-12-15T20:39:19.837778+00:00] myLogger.WARNING: Anmeldung fuer den Profil daga@mail.com fehlgeschlagen [] []
[2022-12-15T20:42:44.370746+00:00] myLogger.INFO: Jemand hat die Werbeseite aufgerufen [] []
[2022-12-15T20:42:51.659003+00:00] myLogger.INFO: Anmeldeseite wird gezeigt [] []
[2022-12-15T20:42:54.658995+00:00] myLogger.INFO: Angemeldet als Nodir [] []
[2022-12-15T20:43:00.588697+00:00] myLogger.INFO: Abgemeldet vom Profil admin@emensa.example [] []
[2022-12-15T20:43:12.929515+00:00] myLogger.INFO: Abgemeldet vom Profil admin@emensa.example [] []
[2022-12-15T20:44:38.089465+00:00] myLogger.INFO: Abgemeldet vom Profil admin@emensa.example [] []
[2022-12-15T20:44:47.884461+00:00] myLogger.INFO: Anmeldeseite wird gezeigt [] []
[2022-12-15T20:44:49.355216+00:00] myLogger.INFO: Angemeldet als Nodir [] []
[2022-12-15T20:44:57.600638+00:00] myLogger.INFO: Abgemeldet vom Profil admin@emensa.example [] []
[2022-12-15T20:45:09.137341+00:00] myLogger.INFO: Jemand hat die Werbeseite aufgerufen [] []
[2022-12-16T01:39:51.638408+00:00] myLogger.INFO: Jemand hat die Werbeseite aufgerufen [] []
[2022-12-16T01:43:24.649573+00:00] myLogger.INFO: Jemand hat die Werbeseite aufgerufen [] []
[2022-12-16T01:44:43.730875+00:00] myLogger.INFO: Jemand hat die Werbeseite aufgerufen [] []
[2022-12-16T01:53:48.991314+00:00] myLogger.INFO: Jemand hat die Werbeseite aufgerufen [] []
[2022-12-16T01:53:52.533931+00:00] myLogger.INFO: Anmeldeseite wird gezeigt [] []
[2022-12-16T01:55:34.944956+00:00] myLogger.INFO: Abgemeldet vom Profil admin@emensa.example [] []
[2022-12-16T01:55:36.122298+00:00] myLogger.INFO: Anmeldeseite wird gezeigt [] []
[2022-12-16T01:55:50.988204+00:00] myLogger.INFO: Abgemeldet vom Profil admin@emensa.example [] []
[2022-12-16T01:55:52.499239+00:00] myLogger.INFO: Anmeldeseite wird gezeigt [] []
[2022-12-16T01:57:10.769332+00:00] myLogger.INFO: Abgemeldet vom Profil admin@emensa.example [] []
[2022-12-16T01:57:11.931470+00:00] myLogger.INFO: Anmeldeseite wird gezeigt [] []
[2022-12-16T02:02:39.314400+00:00] myLogger.INFO: Abgemeldet vom Profil admin@emensa.example [] []
[2022-12-16T02:02:42.929858+00:00] myLogger.INFO: Anmeldeseite wird gezeigt [] []
[2022-12-16T02:04:28.671153+00:00] myLogger.INFO: Abgemeldet vom Profil admin@emensa.example [] []
[2022-12-16T02:04:40.995726+00:00] myLogger.INFO: Jemand hat die Werbeseite aufgerufen [] []
[2022-12-16T02:04:42.980046+00:00] myLogger.INFO: Anmeldeseite wird gezeigt [] []
[2022-12-16T02:04:46.393419+00:00] myLogger.INFO: Angemeldet als Nodir [] []
[2022-12-16T02:06:56.721830+00:00] myLogger.INFO: Abgemeldet vom Profil admin@emensa.example [] []
[2022-12-16T02:07:10.506091+00:00] myLogger.INFO: Anmeldeseite wird gezeigt [] []
[2022-12-16T02:07:19.618413+00:00] myLogger.WARNING: Anmeldung fuer den Profil admin@emensa.example fehlgeschlagen [] []
[2022-12-16T02:08:07.226356+00:00] myLogger.WARNING: Anmeldung fuer den Profil dff@mail.com fehlgeschlagen [] []
[2022-12-16T02:08:53.252056+00:00] myLogger.INFO: Angemeldet als Nodir [] []
[2022-12-16T02:09:47.800981+00:00] myLogger.INFO: Abgemeldet vom Profil admin@emensa.example [] []
[2022-12-16T02:10:00.016853+00:00] myLogger.INFO: Anmeldeseite wird gezeigt [] []
[2022-12-16T02:10:27.726767+00:00] myLogger.INFO: Jemand hat die Werbeseite aufgerufen [] []
[2022-12-16T02:11:54.315607+00:00] myLogger.INFO: Jemand hat die Werbeseite aufgerufen [] []
[2022-12-16T02:11:55.933786+00:00] myLogger.INFO: Anmeldeseite wird gezeigt [] []
[2022-12-16T02:12:10.195046+00:00] myLogger.WARNING: Anmeldung fuer den Profil fsf@mail.com fehlgeschlagen [] []
[2022-12-16T02:25:17.794132+00:00] myLogger.INFO: Jemand hat die Werbeseite aufgerufen [] []
[2022-12-16T02:25:19.563307+00:00] myLogger.INFO: Anmeldeseite wird gezeigt [] []
[2022-12-16T02:25:23.682247+00:00] myLogger.INFO: Angemeldet als Nodir [] []
[2022-12-16T02:25:28.221942+00:00] myLogger.INFO: Abgemeldet vom Profil admin@emensa.example [] []
[2022-12-16T14:19:54.044634+00:00] myLogger.INFO: Jemand hat die Werbeseite aufgerufen [] []
[2022-12-16T14:50:17.142698+00:00] myLogger.INFO: Jemand hat die Werbeseite aufgerufen [] []
[2022-12-16T14:50:25.816559+00:00] myLogger.INFO: Anmeldeseite wird gezeigt [] []
[2022-12-16T14:50:38.463999+00:00] myLogger.INFO: Angemeldet als Nodir [] []
[2022-12-16T14:50:44.086681+00:00] myLogger.INFO: Abgemeldet vom Profil admin@emensa.example [] []
[2022-12-16T14:50:53.719694+00:00] myLogger.INFO: Anmeldeseite wird gezeigt [] []
[2022-12-16T14:51:09.963299+00:00] myLogger.WARNING: Anmeldung fuer den Profil hdcsghdf@mail.com fehlgeschlagen [] []
[2022-12-16T14:51:19.207131+00:00] myLogger.WARNING: Anmeldung fuer den Profil admin@emensa.example fehlgeschlagen [] []
[2022-12-16T14:51:32.442912+00:00] myLogger.WARNING: Anmeldung fuer den Profil admin@emensa.example fehlgeschlagen [] []
[2022-12-26T19:57:25.298379+00:00] myLogger.INFO: Jemand hat die Werbeseite aufgerufen [] []
[2022-12-26T19:57:39.800331+00:00] myLogger.INFO: Jemand hat die Werbeseite aufgerufen [] []
[2022-12-26T19:57:42.345834+00:00] myLogger.INFO: Anmeldeseite wird gezeigt [] []
[2022-12-26T19:57:44.108269+00:00] myLogger.INFO: Angemeldet als Nodir [] []
[2022-12-26T19:57:56.079788+00:00] myLogger.INFO: Abgemeldet vom Profil admin@emensa.example [] []
[2022-12-26T19:57:57.938237+00:00] myLogger.INFO: Anmeldeseite wird gezeigt [] []
[2022-12-26T19:57:59.677314+00:00] myLogger.INFO: Angemeldet als Nodir [] []
[2022-12-26T19:58:31.522408+00:00] myLogger.INFO: Angemeldet als Nodir [] []
[2022-12-26T20:01:54.174734+00:00] myLogger.INFO: Angemeldet als Nodir [] []
[2022-12-26T20:03:02.872366+00:00] myLogger.INFO: Angemeldet als Nodir [] []
[2022-12-26T20:03:56.860317+00:00] myLogger.INFO: Abgemeldet vom Profil admin@emensa.example [] []
[2022-12-26T20:04:02.725401+00:00] myLogger.INFO: Anmeldeseite wird gezeigt [] []
[2022-12-26T20:04:05.995310+00:00] myLogger.INFO: Angemeldet als Nodir [] []
[2022-12-26T20:04:59.987101+00:00] myLogger.INFO: Angemeldet als Nodir [] []
[2022-12-26T20:05:17.354654+00:00] myLogger.INFO: Abgemeldet vom Profil admin@emensa.example [] []
[2022-12-26T20:05:19.399933+00:00] myLogger.INFO: Anmeldeseite wird gezeigt [] []
[2022-12-26T20:05:23.007397+00:00] myLogger.INFO: Jemand hat die Werbeseite aufgerufen [] []
[2022-12-26T20:05:28.988226+00:00] myLogger.INFO: Anmeldeseite wird gezeigt [] []
[2022-12-26T20:05:30.079830+00:00] myLogger.INFO: Angemeldet als Nodir [] []
[2022-12-26T20:06:24.645011+00:00] myLogger.INFO: Angemeldet als Nodir [] []
[2022-12-26T20:07:48.239864+00:00] myLogger.INFO: Angemeldet als Nodir [] []
[2022-12-26T20:09:00.173407+00:00] myLogger.INFO: Angemeldet als Nodir [] []
[2022-12-26T20:09:44.297220+00:00] myLogger.INFO: Angemeldet als Nodir [] []
[2022-12-26T20:10:03.392925+00:00] myLogger.INFO: Angemeldet als Nodir [] []
[2022-12-26T20:10:10.215333+00:00] myLogger.INFO: Angemeldet als Nodir [] []
[2022-12-26T20:10:50.229918+00:00] myLogger.INFO: Abgemeldet vom Profil admin@emensa.example [] []
[2022-12-26T20:10:52.472279+00:00] myLogger.INFO: Anmeldeseite wird gezeigt [] []
[2022-12-26T20:10:53.642419+00:00] myLogger.INFO: Angemeldet als Nodir [] []
[2022-12-26T20:11:10.750342+00:00] myLogger.INFO: Abgemeldet vom Profil admin@emensa.example [] []
[2022-12-26T20:11:16.655822+00:00] myLogger.INFO: Anmeldeseite wird gezeigt [] []
[2022-12-26T20:11:17.767820+00:00] myLogger.INFO: Angemeldet als Nodir [] []
[2022-12-26T20:11:55.618518+00:00] myLogger.INFO: Angemeldet als Nodir [] []
[2022-12-26T21:39:53.160465+00:00] myLogger.INFO: Abgemeldet vom Profil admin@emensa.example [] []
[2022-12-26T21:39:54.778879+00:00] myLogger.INFO: Anmeldeseite wird gezeigt [] []
[2022-12-26T21:39:56.133865+00:00] myLogger.INFO: Angemeldet als Nodir [] []
[2022-12-26T21:50:04.020492+00:00] myLogger.INFO: Abgemeldet vom Profil admin@emensa.example [] []
[2022-12-26T21:50:05.640216+00:00] myLogger.INFO: Anmeldeseite wird gezeigt [] []
[2022-12-26T21:50:06.946004+00:00] myLogger.INFO: Angemeldet als Nodir [] []
[2022-12-26T21:50:12.985166+00:00] myLogger.INFO: Anmeldeseite wird gezeigt [] []
[2022-12-26T21:50:14.159089+00:00] myLogger.INFO: Angemeldet als Nodir [] []
[2022-12-26T22:56:08.437022+00:00] myLogger.INFO: Abgemeldet vom Profil admin@emensa.example [] []
[2022-12-26T22:56:15.604350+00:00] myLogger.INFO: Anmeldeseite wird gezeigt [] []
[2022-12-26T22:56:16.896245+00:00] myLogger.INFO: Angemeldet als Nodir [] []
[2022-12-26T23:34:40.382064+00:00] myLogger.INFO: Abgemeldet vom Profil admin@emensa.example [] []
[2022-12-26T23:34:46.580461+00:00] myLogger.INFO: Anmeldeseite wird gezeigt [] []
[2022-12-26T23:34:47.801886+00:00] myLogger.INFO: Angemeldet als Nodir [] []
[2022-12-26T23:51:20.668485+00:00] myLogger.INFO: Abgemeldet vom Profil admin@emensa.example [] []
[2022-12-26T23:51:24.095132+00:00] myLogger.INFO: Anmeldeseite wird gezeigt [] []
[2022-12-26T23:51:25.817652+00:00] myLogger.INFO: Angemeldet als Nodir [] []
[2022-12-27T00:01:53.220715+00:00] myLogger.INFO: Abgemeldet vom Profil admin@emensa.example [] []
[2022-12-27T00:01:57.590672+00:00] myLogger.INFO: Anmeldeseite wird gezeigt [] []
[2022-12-27T00:01:59.161045+00:00] myLogger.INFO: Angemeldet als Nodir [] []
[2022-12-27T00:10:33.513778+00:00] myLogger.INFO: Abgemeldet vom Profil admin@emensa.example [] []
[2022-12-27T00:10:35.588863+00:00] myLogger.INFO: Anmeldeseite wird gezeigt [] []
[2022-12-27T00:10:37.070969+00:00] myLogger.INFO: Angemeldet als Nodir [] []
[2022-12-27T00:12:29.316510+00:00] myLogger.INFO: Abgemeldet vom Profil admin@emensa.example [] []
[2022-12-27T00:12:30.878556+00:00] myLogger.INFO: Anmeldeseite wird gezeigt [] []
[2022-12-27T00:12:36.655388+00:00] myLogger.WARNING: Anmeldung fuer den Profil admin@emensa.exampasf fehlgeschlagen [] []
[2022-12-27T00:13:40.076970+00:00] myLogger.WARNING: Anmeldung fuer den Profil admin@emensa.exampasf fehlgeschlagen [] []
[2022-12-27T00:13:43.621856+00:00] myLogger.WARNING: Anmeldung fuer den Profil admin@emensa.exampggd fehlgeschlagen [] []
[2022-12-27T00:14:01.364392+00:00] myLogger.INFO: Jemand hat die Werbeseite aufgerufen [] []
[2022-12-27T00:14:02.774266+00:00] myLogger.INFO: Anmeldeseite wird gezeigt [] []
[2022-12-27T00:14:08.760404+00:00] myLogger.WARNING: Anmeldung fuer den Profil admin@emensa.examsgd fehlgeschlagen [] []
[2022-12-27T00:15:17.248608+00:00] myLogger.WARNING: Anmeldung fuer den Profil admin@emensa.examsgd fehlgeschlagen [] []
[2022-12-27T00:15:20.902309+00:00] myLogger.WARNING: Anmeldung fuer den Profil admin@emensa.examdfsfd fehlgeschlagen [] []
[2022-12-27T00:15:23.530414+00:00] myLogger.INFO: Angemeldet als Nodir [] []
[2022-12-27T00:18:02.104108+00:00] myLogger.INFO: Abgemeldet vom Profil admin@emensa.example [] []
[2022-12-27T00:18:09.603478+00:00] myLogger.INFO: Anmeldeseite wird gezeigt [] []
[2022-12-27T00:18:14.619592+00:00] myLogger.WARNING: Anmeldung fuer den Profil admin@emensa.sdfsfd fehlgeschlagen [] []
[2022-12-27T00:18:17.816124+00:00] myLogger.INFO: Angemeldet als Nodir [] []
[2022-12-27T00:19:30.518490+00:00] myLogger.INFO: Abgemeldet vom Profil admin@emensa.example [] []
[2022-12-27T00:19:32.275969+00:00] myLogger.INFO: Anmeldeseite wird gezeigt [] []
[2022-12-27T00:19:33.459567+00:00] myLogger.INFO: Angemeldet als Nodir [] []
[2022-12-27T00:22:26.989380+00:00] myLogger.INFO: Abgemeldet vom Profil admin@emensa.example [] []
[2022-12-27T00:22:28.272806+00:00] myLogger.INFO: Anmeldeseite wird gezeigt [] []
[2022-12-27T00:22:29.381931+00:00] myLogger.INFO: Angemeldet als Nodir [] []
[2022-12-27T00:22:37.115039+00:00] myLogger.INFO: Angemeldet als Nodir [] []
[2022-12-27T00:51:35.053658+00:00] myLogger.INFO: Abgemeldet vom Profil admin@emensa.example [] []
[2022-12-27T00:52:27.400682+00:00] myLogger.INFO: Angemeldet als Nodir [] []
[2022-12-27T10:07:57.925447+00:00] myLogger.WARNING: Anmeldung fuer den Profil admin@emensa.example fehlgeschlagen [] []
[2022-12-27T10:18:27.830304+00:00] myLogger.INFO: Jemand hat die Werbeseite aufgerufen [] []
[2022-12-27T10:18:29.522421+00:00] myLogger.INFO: Anmeldeseite wird gezeigt [] []
[2022-12-27T10:18:31.419044+00:00] myLogger.INFO: Angemeldet als Nodir [] []
[2022-12-27T12:15:00.920747+00:00] myLogger.INFO: Abgemeldet vom Profil admin@emensa.example [] []
[2022-12-27T12:15:02.544933+00:00] myLogger.INFO: Anmeldeseite wird gezeigt [] []
[2022-12-27T12:15:03.783314+00:00] myLogger.INFO: Angemeldet als Nodir [] []
[2022-12-27T12:22:24.802780+00:00] myLogger.INFO: Abgemeldet vom Profil admin@emensa.example [] []
[2022-12-27T12:22:26.508953+00:00] myLogger.INFO: Anmeldeseite wird gezeigt [] []
[2022-12-27T12:22:27.566183+00:00] myLogger.INFO: Angemeldet als Nodir [] []
[2022-12-27T12:58:18.666281+00:00] myLogger.INFO: Abgemeldet vom Profil admin@emensa.example [] []
[2022-12-27T13:21:37.464089+00:00] myLogger.INFO: Jemand hat die Werbeseite aufgerufen [] []
[2022-12-27T20:26:46.057894+00:00] myLogger.INFO: Jemand hat die Werbeseite aufgerufen [] []
[2022-12-27T20:26:57.815087+00:00] myLogger.INFO: Jemand hat die Werbeseite aufgerufen [] []
[2022-12-27T20:26:59.177009+00:00] myLogger.INFO: Anmeldeseite wird gezeigt [] []
[2022-12-27T20:27:00.451270+00:00] myLogger.INFO: Angemeldet als Nodir [] []
[2022-12-27T20:27:15.074896+00:00] myLogger.INFO: Abgemeldet vom Profil admin@emensa.example [] []
[2022-12-27T20:27:29.980412+00:00] myLogger.INFO: Jemand hat die Werbeseite aufgerufen [] []
[2022-12-27T20:27:35.687183+00:00] myLogger.INFO: Jemand hat die Werbeseite aufgerufen [] []
[2022-12-27T20:27:36.860375+00:00] myLogger.INFO: Anmeldeseite wird gezeigt [] []
[2022-12-27T20:27:38.132320+00:00] myLogger.INFO: Angemeldet als Nodir [] []
[2022-12-27T20:27:45.095458+00:00] myLogger.INFO: Anmeldeseite wird gezeigt [] []
[2022-12-27T20:27:46.850773+00:00] myLogger.INFO: Angemeldet als Nodir [] []
[2022-12-27T21:30:28.644541+00:00] myLogger.INFO: Abgemeldet vom Profil admin@emensa.example [] []
[2022-12-27T21:30:30.442140+00:00] myLogger.INFO: Anmeldeseite wird gezeigt [] []
[2022-12-27T21:30:43.489297+00:00] myLogger.INFO: Angemeldet als Daniel [] []
[2022-12-27T21:31:01.509966+00:00] myLogger.INFO: Abgemeldet vom Profil daniel@emensa.example [] []
[2022-12-27T21:31:03.605391+00:00] myLogger.INFO: Anmeldeseite wird gezeigt [] []
[2022-12-27T21:31:10.368706+00:00] myLogger.INFO: Angemeldet als Daniel [] []
[2022-12-27T21:31:52.938987+00:00] myLogger.INFO: Abgemeldet vom Profil daniel@emensa.example [] []
[2022-12-27T21:31:54.431348+00:00] myLogger.INFO: Anmeldeseite wird gezeigt [] []
[2022-12-27T21:31:57.608152+00:00] myLogger.INFO: Angemeldet als Daniel [] []
[2022-12-27T21:32:09.258536+00:00] myLogger.INFO: Anmeldeseite wird gezeigt [] []
[2022-12-27T21:32:14.323978+00:00] myLogger.INFO: Angemeldet als Nodir [] []
[2022-12-27T21:32:20.813449+00:00] myLogger.INFO: Angemeldet als Nodir [] []
[2022-12-27T21:32:28.634895+00:00] myLogger.INFO: Angemeldet als Nodir [] []
[2022-12-27T21:32:41.453858+00:00] myLogger.INFO: Anmeldeseite wird gezeigt [] []
[2022-12-27T21:32:44.844210+00:00] myLogger.INFO: Angemeldet als Daniel [] []
[2022-12-27T21:33:55.670118+00:00] myLogger.INFO: Abgemeldet vom Profil daniel@emensa.example [] []
[2022-12-27T21:33:56.752915+00:00] myLogger.INFO: Anmeldeseite wird gezeigt [] []
[2022-12-27T21:34:09.335604+00:00] myLogger.INFO: Angemeldet als Vammy [] []
[2022-12-27T21:34:17.573893+00:00] myLogger.INFO: Angemeldet als Vammy [] []
[2022-12-27T21:34:22.210460+00:00] myLogger.INFO: Angemeldet als Vammy [] []
[2022-12-27T21:34:57.450492+00:00] myLogger.INFO: Anmeldeseite wird gezeigt [] []
[2022-12-27T21:35:01.093433+00:00] myLogger.INFO: Angemeldet als Vammy [] []
[2022-12-27T21:58:06.476860+00:00] myLogger.INFO: Abgemeldet vom Profil vammy@emensa.example [] []
[2022-12-27T21:58:15.257516+00:00] myLogger.INFO: Jemand hat die Werbeseite aufgerufen [] []
[2022-12-27T21:58:16.666445+00:00] myLogger.INFO: Anmeldeseite wird gezeigt [] []
[2022-12-27T21:58:19.768584+00:00] myLogger.INFO: Angemeldet als Daniel [] []
[2022-12-27T23:34:28.073099+00:00] myLogger.INFO: Abgemeldet vom Profil daniel@emensa.example [] []
[2022-12-27T23:34:35.228768+00:00] myLogger.INFO: Jemand hat die Werbeseite aufgerufen [] []
[2022-12-27T23:34:36.622543+00:00] myLogger.INFO: Anmeldeseite wird gezeigt [] []
[2022-12-27T23:34:39.970757+00:00] myLogger.INFO: Angemeldet als Daniel [] []
[2022-12-27T23:35:20.765610+00:00] myLogger.INFO: Angemeldet als Daniel [] []
[2022-12-27T23:48:02.059045+00:00] myLogger.INFO: Abgemeldet vom Profil daniel@emensa.example [] []
[2022-12-27T23:48:05.294186+00:00] myLogger.INFO: Anmeldeseite wird gezeigt [] []
[2022-12-27T23:48:08.938508+00:00] myLogger.INFO: Angemeldet als Vammy [] []
[2022-12-27T23:50:55.449167+00:00] myLogger.INFO: Abgemeldet vom Profil vammy@emensa.example [] []
[2022-12-27T23:51:07.499994+00:00] myLogger.INFO: Jemand hat die Werbeseite aufgerufen [] []
[2022-12-27T23:51:09.352736+00:00] myLogger.INFO: Anmeldeseite wird gezeigt [] []
[2022-12-27T23:51:15.644236+00:00] myLogger.INFO: Angemeldet als Nodir [] []
[2022-12-27T23:51:35.694280+00:00] myLogger.INFO: Angemeldet als Nodir [] []
[2022-12-27T23:51:41.667584+00:00] myLogger.INFO: Angemeldet als Nodir [] []
[2022-12-28T00:15:39.022808+00:00] myLogger.INFO: Abgemeldet vom Profil admin@emensa.example [] []
[2022-12-28T00:15:53.417147+00:00] myLogger.INFO: Jemand hat die Werbeseite aufgerufen [] []
[2022-12-28T00:15:56.050835+00:00] myLogger.INFO: Anmeldeseite wird gezeigt [] []
[2022-12-28T00:20:32.716519+00:00] myLogger.INFO: Jemand hat die Werbeseite aufgerufen [] []
[2022-12-28T00:20:34.716512+00:00] myLogger.INFO: Anmeldeseite wird gezeigt [] []
[2022-12-28T00:20:39.381377+00:00] myLogger.INFO: Jemand hat die Werbeseite aufgerufen [] []
[2022-12-28T00:22:06.374848+00:00] myLogger.INFO: Jemand hat die Werbeseite aufgerufen [] []
[2022-12-28T00:22:17.568645+00:00] myLogger.INFO: Jemand hat die Werbeseite aufgerufen [] []
[2022-12-28T00:22:23.757022+00:00] myLogger.INFO: Jemand hat die Werbeseite aufgerufen [] []
[2022-12-28T00:22:24.826929+00:00] myLogger.INFO: Anmeldeseite wird gezeigt [] []
[2022-12-28T00:22:31.533415+00:00] myLogger.INFO: Angemeldet als Daniel [] []
[2022-12-28T00:22:38.616511+00:00] myLogger.INFO: Angemeldet als Daniel [] []
[2022-12-28T00:22:46.491441+00:00] myLogger.INFO: Angemeldet als Daniel [] []
[2022-12-28T00:22:54.840941+00:00] myLogger.INFO: Angemeldet als Daniel [] []
[2022-12-28T00:22:57.721388+00:00] myLogger.INFO: Abgemeldet vom Profil daniel@emensa.example [] []
[2022-12-28T00:23:00.887094+00:00] myLogger.INFO: Anmeldeseite wird gezeigt [] []
[2022-12-28T00:23:03.621444+00:00] myLogger.INFO: Angemeldet als Vammy [] []
[2022-12-28T00:23:09.685176+00:00] myLogger.INFO: Angemeldet als Vammy [] []
[2022-12-28T00:23:12.443416+00:00] myLogger.INFO: Abgemeldet vom Profil vammy@emensa.example [] []
[2022-12-28T00:23:13.378813+00:00] myLogger.INFO: Anmeldeseite wird gezeigt [] []
[2022-12-28T00:23:18.675433+00:00] myLogger.INFO: Angemeldet als Nodir [] []
[2022-12-28T00:36:41.950772+00:00] myLogger.INFO: Abgemeldet vom Profil admin@emensa.example [] []
[2022-12-28T00:36:44.040354+00:00] myLogger.INFO: Anmeldeseite wird gezeigt [] []
[2022-12-28T00:36:49.702611+00:00] myLogger.INFO: Angemeldet als Nodir [] []
[2022-12-28T00:40:30.414098+00:00] myLogger.INFO: Abgemeldet vom Profil admin@emensa.example [] []
[2022-12-28T00:40:35.303966+00:00] myLogger.INFO: Jemand hat die Werbeseite aufgerufen [] []
[2022-12-28T00:40:37.949428+00:00] myLogger.INFO: Anmeldeseite wird gezeigt [] []
[2022-12-28T00:40:42.434354+00:00] myLogger.INFO: Angemeldet als Daniel [] []
[2022-12-28T00:40:55.104509+00:00] myLogger.INFO: Abgemeldet vom Profil daniel@emensa.example [] []
[2022-12-28T00:40:56.341801+00:00] myLogger.INFO: Anmeldeseite wird gezeigt [] []
[2022-12-28T00:40:59.704051+00:00] myLogger.INFO: Angemeldet als Vammy [] []
[2022-12-28T00:41:13.201573+00:00] myLogger.INFO: Angemeldet als Vammy [] []
[2022-12-28T00:41:15.406370+00:00] myLogger.INFO: Abgemeldet vom Profil vammy@emensa.example [] []
[2022-12-28T00:41:16.519837+00:00] myLogger.INFO: Anmeldeseite wird gezeigt [] []
[2022-12-28T00:41:19.024050+00:00] myLogger.INFO: Angemeldet als Nodir [] []
[2022-12-28T00:42:25.853952+00:00] myLogger.INFO: Abgemeldet vom Profil admin@emensa.example [] []
[2022-12-28T00:42:32.931158+00:00] myLogger.INFO: Jemand hat die Werbeseite aufgerufen [] []
[2022-12-28T00:42:34.594686+00:00] myLogger.INFO: Anmeldeseite wird gezeigt [] []
[2022-12-28T00:42:39.523194+00:00] myLogger.INFO: Angemeldet als Daniel [] []
[2022-12-28T00:42:44.295459+00:00] myLogger.INFO: Angemeldet als Daniel [] []
[2022-12-28T00:42:49.295462+00:00] myLogger.INFO: Angemeldet als Daniel [] []
[2022-12-28T00:42:52.011537+00:00] myLogger.INFO: Abgemeldet vom Profil daniel@emensa.example [] []
[2022-12-28T00:42:52.910831+00:00] myLogger.INFO: Anmeldeseite wird gezeigt [] []
[2022-12-28T00:42:55.325161+00:00] myLogger.INFO: Angemeldet als Nodir [] []
[2022-12-28T00:43:05.809248+00:00] myLogger.INFO: Angemeldet als Nodir [] []
[2022-12-28T00:43:12.220990+00:00] myLogger.INFO: Angemeldet als Nodir [] []
[2022-12-28T00:43:18.402266+00:00] myLogger.INFO: Angemeldet als Nodir [] []
[2022-12-28T00:43:28.177556+00:00] myLogger.INFO: Abgemeldet vom Profil admin@emensa.example [] []
[2022-12-28T00:43:29.259871+00:00] myLogger.INFO: Anmeldeseite wird gezeigt [] []
[2022-12-28T00:43:31.792314+00:00] myLogger.INFO: Angemeldet als Vammy [] []
[2022-12-28T01:23:08.833053+00:00] myLogger.INFO: Abgemeldet vom Profil vammy@emensa.example [] []
[2022-12-28T01:28:18.991806+00:00] myLogger.INFO: Jemand hat die Werbeseite aufgerufen [] []
[2022-12-28T01:28:28.830831+00:00] myLogger.INFO: Jemand hat die Werbeseite aufgerufen [] []
[2022-12-28T01:28:29.976096+00:00] myLogger.INFO: Anmeldeseite wird gezeigt [] []
[2022-12-28T01:28:38.428140+00:00] myLogger.INFO: Angemeldet als Daniel [] []
[2022-12-28T01:28:44.882532+00:00] myLogger.INFO: Angemeldet als Daniel [] []
[2022-12-28T01:28:45.942182+00:00] myLogger.INFO: Abgemeldet vom Profil daniel@emensa.example [] []
[2022-12-28T01:28:46.872231+00:00] myLogger.INFO: Anmeldeseite wird gezeigt [] []
[2022-12-28T01:28:51.279870+00:00] myLogger.INFO: Angemeldet als Nodir [] []
[2022-12-28T01:52:14.916445+00:00] myLogger.INFO: Abgemeldet vom Profil admin@emensa.example [] []
[2022-12-28T01:52:27.366997+00:00] myLogger.INFO: Jemand hat die Werbeseite aufgerufen [] []
[2022-12-28T01:52:30.127767+00:00] myLogger.INFO: Anmeldeseite wird gezeigt [] []
[2022-12-28T01:52:36.136406+00:00] myLogger.INFO: Angemeldet als Vammy [] []
[2022-12-28T01:52:51.672591+00:00] myLogger.INFO: Abgemeldet vom Profil vammy@emensa.example [] []
[2022-12-28T01:52:57.439319+00:00] myLogger.INFO: Anmeldeseite wird gezeigt [] []
[2022-12-28T01:53:02.533810+00:00] myLogger.INFO: Angemeldet als Nodir [] []
[2022-12-28T01:54:06.608354+00:00] myLogger.INFO: Abgemeldet vom Profil admin@emensa.example [] []
[2022-12-28T01:54:22.040161+00:00] myLogger.INFO: Jemand hat die Werbeseite aufgerufen [] []
[2022-12-28T01:54:23.429802+00:00] myLogger.INFO: Anmeldeseite wird gezeigt [] []
[2022-12-28T01:54:32.701078+00:00] myLogger.INFO: Angemeldet als Daniel [] []
[2022-12-28T02:10:05.673384+00:00] myLogger.INFO: Abgemeldet vom Profil daniel@emensa.example [] []
[2022-12-28T02:10:23.686877+00:00] myLogger.INFO: Jemand hat die Werbeseite aufgerufen [] []
[2022-12-28T02:10:51.015806+00:00] myLogger.INFO: Anmeldeseite wird gezeigt [] []
[2022-12-28T02:10:55.814884+00:00] myLogger.INFO: Angemeldet als Daniel [] []
[2022-12-28T02:13:56.347048+00:00] myLogger.INFO: Abgemeldet vom Profil daniel@emensa.example [] []
[2022-12-28T02:13:59.108457+00:00] myLogger.INFO: Anmeldeseite wird gezeigt [] []
[2022-12-28T02:14:07.200016+00:00] myLogger.INFO: Angemeldet als Vammy [] []
[2022-12-28T02:16:34.570177+00:00] myLogger.INFO: Abgemeldet vom Profil vammy@emensa.example [] []
[2022-12-28T02:16:40.824991+00:00] myLogger.INFO: Anmeldeseite wird gezeigt [] []
[2022-12-28T02:16:48.575000+00:00] myLogger.INFO: Angemeldet als Vammy [] []
[2022-12-28T02:17:39.231828+00:00] myLogger.INFO: Abgemeldet vom Profil vammy@emensa.example [] []
[2022-12-28T02:17:41.064909+00:00] myLogger.INFO: Anmeldeseite wird gezeigt [] []
[2022-12-28T02:17:44.054301+00:00] myLogger.INFO: Angemeldet als Nodir [] []
[2022-12-28T02:17:58.066569+00:00] myLogger.INFO: Angemeldet als Nodir [] []
[2022-12-28T02:18:08.151403+00:00] myLogger.INFO: Angemeldet als Nodir [] []
[2022-12-28T02:20:49.235758+00:00] myLogger.INFO: Abgemeldet vom Profil admin@emensa.example [] []
